<?xml version="1.0" encoding="UTF-8"?>
<!-- Generated by org.testng.reporters.JUnitXMLReporter -->
<testsuite ignored="0" hostname="Aryan" failures="0" tests="3" name="Default test" time="38.067" errors="0" timestamp="09 Jun 2022 13:35:09 GMT">
  <testcase classname="TestCases.Add_New_Player" name="Add_New_Player_Existing_Team" time="3.181"/>
  <testcase classname="TestCases.Add_New_Player" name="Add_New_Player_New_Team" time="12.251"/>
  <testcase classname="TestCases.Add_New_Player" name="Add_New_Player_Same_Name" time="4.349"/>
</testsuite> <!-- Default test -->
