<?xml version="1.0" encoding="UTF-8"?>
<!-- Generated by org.testng.reporters.JUnitXMLReporter -->
<testsuite ignored="5" hostname="Aryan" failures="16" tests="18" name="Ixaris_Frontend_Angular_Testing" time="15.819" errors="0" timestamp="06 Jun 2022 23:59:25 GMT">
  <testcase classname="TestCases.BaseClass" name="@AfterClass tearDown" time="0.0">
    <failure type="java.lang.NullPointerException">
      <![CDATA[java.lang.NullPointerException
at TestCases.BaseClass.tearDown(BaseClass.java:42)
... Removed 26 stack frames]]>
    </failure>
  </testcase> <!-- @AfterClass tearDown -->
  <testcase classname="TestCases.BaseClass" name="@AfterClass tearDown" time="0.001">
    <failure type="java.lang.NullPointerException">
      <![CDATA[java.lang.NullPointerException
at TestCases.BaseClass.tearDown(BaseClass.java:42)
... Removed 26 stack frames]]>
    </failure>
  </testcase> <!-- @AfterClass tearDown -->
  <testcase classname="TestCases.BaseClass" name="@AfterClass tearDown" time="0.001">
    <failure type="java.lang.NullPointerException">
      <![CDATA[java.lang.NullPointerException
at TestCases.BaseClass.tearDown(BaseClass.java:42)
... Removed 26 stack frames]]>
    </failure>
  </testcase> <!-- @AfterClass tearDown -->
  <testcase classname="TestCases.BaseClass" name="@AfterClass tearDown" time="0.0">
    <failure type="java.lang.NullPointerException">
      <![CDATA[java.lang.NullPointerException
at TestCases.BaseClass.tearDown(BaseClass.java:42)
... Removed 26 stack frames]]>
    </failure>
  </testcase> <!-- @AfterClass tearDown -->
  <testcase classname="TestCases.BaseClass" name="@AfterClass tearDown" time="0.0">
    <failure type="java.lang.NullPointerException">
      <![CDATA[java.lang.NullPointerException
at TestCases.BaseClass.tearDown(BaseClass.java:42)
... Removed 26 stack frames]]>
    </failure>
  </testcase> <!-- @AfterClass tearDown -->
  <testcase classname="TestCases.Add_New_Team" name="Add_New_Team" time="1.869"/>
  <testcase classname="TestCases.View_Team_List" name="Print_Team_List" time="0.002">
    <failure type="java.lang.NullPointerException">
      <![CDATA[java.lang.NullPointerException
at TestCases.View_Team_List.Print_Team_List(View_Team_List.java:16)
... Removed 25 stack frames]]>
    </failure>
  </testcase> <!-- Print_Team_List -->
  <testcase classname="TestCases.View_Team_List" name="Search_Existng_Team" time="0.003">
    <failure type="java.lang.NullPointerException">
      <![CDATA[java.lang.NullPointerException
at TestCases.View_Team_List.Search_Existng_Team(View_Team_List.java:22)
... Removed 25 stack frames]]>
    </failure>
  </testcase> <!-- Search_Existng_Team -->
  <testcase classname="TestCases.Add_New_Player" name="Add_New_Player_Existing_Team" time="0.002">
    <failure type="java.lang.NullPointerException">
      <![CDATA[java.lang.NullPointerException
at TestCases.Add_New_Player.Add_New_Player_Existing_Team(Add_New_Player.java:17)
... Removed 25 stack frames]]>
    </failure>
  </testcase> <!-- Add_New_Player_Existing_Team -->
  <testcase classname="TestCases.Add_New_Player" name="Add_New_Player_New_Team" time="0.002">
    <failure type="java.lang.NullPointerException">
      <![CDATA[java.lang.NullPointerException
at TestCases.Add_New_Player.Add_New_Player_New_Team(Add_New_Player.java:28)
... Removed 25 stack frames]]>
    </failure>
  </testcase> <!-- Add_New_Player_New_Team -->
  <testcase classname="TestCases.View_Players_List" name="View_Players_List" time="0.002">
    <failure type="java.lang.NullPointerException">
      <![CDATA[java.lang.NullPointerException
at TestCases.View_Players_List.View_Players_List(View_Players_List.java:15)
... Removed 25 stack frames]]>
    </failure>
  </testcase> <!-- View_Players_List -->
  <testcase classname="TestCases.View_Player_Info" name="Add_New_Player_View_Info" time="0.003">
    <failure type="java.lang.NullPointerException">
      <![CDATA[java.lang.NullPointerException
at TestCases.View_Player_Info.Add_New_Player_View_Info(View_Player_Info.java:22)
... Removed 25 stack frames]]>
    </failure>
  </testcase> <!-- Add_New_Player_View_Info -->
  <testcase classname="TestCases.View_Player_Info" name="View_Existing_Player_Info" time="0.002">
    <failure type="java.lang.NullPointerException">
      <![CDATA[java.lang.NullPointerException
at TestCases.View_Player_Info.View_Existing_Player_Info(View_Player_Info.java:15)
... Removed 25 stack frames]]>
    </failure>
  </testcase> <!-- View_Existing_Player_Info -->
  <testcase classname="TestCases.View_Team_Info" name="Print_List_of_All_Players_in_Team" time="0.002">
    <failure type="java.lang.NullPointerException">
      <![CDATA[java.lang.NullPointerException
at TestCases.View_Team_Info.Print_List_of_All_Players_in_Team(View_Team_Info.java:16)
... Removed 25 stack frames]]>
    </failure>
  </testcase> <!-- Print_List_of_All_Players_in_Team -->
  <testcase classname="TestCases.View_Team_Info" name="View_Team_Info" time="0.002">
    <failure type="java.lang.NullPointerException">
      <![CDATA[java.lang.NullPointerException
at TestCases.View_Team_Info.View_Team_Info(View_Team_Info.java:22)
... Removed 25 stack frames]]>
    </failure>
  </testcase> <!-- View_Team_Info -->
  <testcase classname="TestCases.Add_New_Team" name="Add_Existing_Team" time="0.481"/>
  <testcase classname="TestCases.View_Team_List" name="Add_Team_Verfy_Increase_Count_In_Team_List" time="0.002">
    <failure type="java.lang.NullPointerException">
      <![CDATA[java.lang.NullPointerException
at TestCases.View_Team_List.Add_Team_Verfy_Increase_Count_In_Team_List(View_Team_List.java:29)
... Removed 25 stack frames]]>
    </failure>
  </testcase> <!-- Add_Team_Verfy_Increase_Count_In_Team_List -->
  <testcase classname="TestCases.View_Team_List" name="View_Team_List_After_Add__New_Team" time="0.001">
    <failure type="java.lang.NullPointerException">
      <![CDATA[java.lang.NullPointerException
at TestCases.View_Team_List.View_Team_List_After_Add__New_Team(View_Team_List.java:41)
... Removed 25 stack frames]]>
    </failure>
  </testcase> <!-- View_Team_List_After_Add__New_Team -->
  <testcase classname="TestCases.Add_New_Player" name="Add_New_Player_Same_Name" time="0.002">
    <failure type="java.lang.NullPointerException">
      <![CDATA[java.lang.NullPointerException
at TestCases.Add_New_Player.Add_New_Player_Same_Name(Add_New_Player.java:45)
... Removed 25 stack frames]]>
    </failure>
  </testcase> <!-- Add_New_Player_Same_Name -->
  <testcase classname="TestCases.View_Players_List" name="Add_Player_Verfy_Increase_Count_In_Player_List" time="0.004">
    <failure type="java.lang.NullPointerException">
      <![CDATA[java.lang.NullPointerException
at TestCases.View_Players_List.Add_Player_Verfy_Increase_Count_In_Player_List(View_Players_List.java:21)
... Removed 25 stack frames]]>
    </failure>
  </testcase> <!-- Add_Player_Verfy_Increase_Count_In_Player_List -->
  <testcase classname="TestCases.View_Players_List" name="View_Player_List_After_Add__New_Player" time="0.002">
    <failure type="java.lang.NullPointerException">
      <![CDATA[java.lang.NullPointerException
at TestCases.View_Players_List.View_Player_List_After_Add__New_Player(View_Players_List.java:34)
... Removed 25 stack frames]]>
    </failure>
  </testcase> <!-- View_Player_List_After_Add__New_Player -->
  <testcase classname="TestCases.View_Player_Info" name="Players_With_Same_Name_View_Info" time="0.002">
    <failure type="java.lang.NullPointerException">
      <![CDATA[java.lang.NullPointerException
at TestCases.View_Player_Info.Players_With_Same_Name_View_Info(View_Player_Info.java:34)
... Removed 25 stack frames]]>
    </failure>
  </testcase> <!-- Players_With_Same_Name_View_Info -->
  <testcase classname="TestCases.View_Team_Info" name="Add_New_Team_New_Payer_Get_Team_Info" time="0.002">
    <failure type="java.lang.NullPointerException">
      <![CDATA[java.lang.NullPointerException
at TestCases.View_Team_Info.Add_New_Team_New_Payer_Get_Team_Info(View_Team_Info.java:30)
... Removed 25 stack frames]]>
    </failure>
  </testcase> <!-- Add_New_Team_New_Payer_Get_Team_Info -->
  <testcase classname="TestCases.BaseClass" name="@BeforeTest setup" time="0.0">
    <ignored/>
  </testcase> <!-- @BeforeTest setup -->
  <testcase classname="TestCases.BaseClass" name="@BeforeTest setup" time="0.0">
    <ignored/>
  </testcase> <!-- @BeforeTest setup -->
  <testcase classname="TestCases.BaseClass" name="@BeforeTest setup" time="0.0">
    <ignored/>
  </testcase> <!-- @BeforeTest setup -->
  <testcase classname="TestCases.BaseClass" name="@BeforeTest setup" time="0.0">
    <ignored/>
  </testcase> <!-- @BeforeTest setup -->
  <testcase classname="TestCases.BaseClass" name="@BeforeTest setup" time="0.0">
    <ignored/>
  </testcase> <!-- @BeforeTest setup -->
</testsuite> <!-- Ixaris_Frontend_Angular_Testing -->
