<?xml version="1.0" encoding="UTF-8"?>
<testng-results ignored="0" total="3" passed="3" failed="0" skipped="0">
  <reporter-output>
  </reporter-output>
  <suite started-at="2022-06-09T13:34:31Z" name="Default suite" finished-at="2022-06-09T13:35:09Z" duration-ms="38067">
    <groups>
    </groups>
    <test started-at="2022-06-09T13:34:31Z" name="Default test" finished-at="2022-06-09T13:35:09Z" duration-ms="38067">
      <class name="TestCases.Add_New_Player">
        <test-method is-config="true" signature="setup()[pri:0, instance:TestCases.Add_New_Player@1115ec15]" started-at="2022-06-09T13:34:31Z" name="setup" finished-at="2022-06-09T13:34:44Z" duration-ms="12882" status="PASS">
          <reporter-output>
          </reporter-output>
        </test-method> <!-- setup -->
        <test-method signature="Add_New_Player_Existing_Team()[pri:1, instance:TestCases.Add_New_Player@1115ec15]" started-at="2022-06-09T13:34:44Z" name="Add_New_Player_Existing_Team" finished-at="2022-06-09T13:34:47Z" duration-ms="3181" status="PASS">
          <reporter-output>
          </reporter-output>
        </test-method> <!-- Add_New_Player_Existing_Team -->
        <test-method signature="Add_New_Player_New_Team()[pri:1, instance:TestCases.Add_New_Player@1115ec15]" started-at="2022-06-09T13:34:47Z" name="Add_New_Player_New_Team" finished-at="2022-06-09T13:34:59Z" duration-ms="12251" status="PASS">
          <reporter-output>
          </reporter-output>
        </test-method> <!-- Add_New_Player_New_Team -->
        <test-method signature="Add_New_Player_Same_Name()[pri:2, instance:TestCases.Add_New_Player@1115ec15]" started-at="2022-06-09T13:34:59Z" name="Add_New_Player_Same_Name" finished-at="2022-06-09T13:35:04Z" duration-ms="4349" status="PASS">
          <reporter-output>
          </reporter-output>
        </test-method> <!-- Add_New_Player_Same_Name -->
        <test-method is-config="true" signature="tearDown()[pri:0, instance:TestCases.Add_New_Player@1115ec15]" started-at="2022-06-09T13:35:04Z" name="tearDown" finished-at="2022-06-09T13:35:09Z" duration-ms="5344" status="PASS">
          <reporter-output>
          </reporter-output>
        </test-method> <!-- tearDown -->
      </class> <!-- TestCases.Add_New_Player -->
    </test> <!-- Default test -->
  </suite> <!-- Default suite -->
</testng-results>
